<?xml version="1.0" encoding="UTF-8"?>
<testng-results skipped="0" failed="0" ignored="0" total="1" passed="1">
  <reporter-output>
  </reporter-output>
  <suite name="Suite" duration-ms="6973" started-at="2020-05-27T16:17:30 EDT" finished-at="2020-05-27T16:17:37 EDT">
    <groups>
    </groups>
    <test name="Test" duration-ms="6973" started-at="2020-05-27T16:17:30 EDT" finished-at="2020-05-27T16:17:37 EDT">
      <class name="test.testsuite1">
        <test-method status="PASS" signature="negativelogin()[pri:0, instance:test.testsuite1@204f30ec]" name="negativelogin" duration-ms="6902" started-at="2020-05-27T16:17:30 EDT" finished-at="2020-05-27T16:17:37 EDT">
          <reporter-output>
          </reporter-output>
        </test-method> <!-- negativelogin -->
      </class> <!-- test.testsuite1 -->
    </test> <!-- Test -->
  </suite> <!-- Suite -->
</testng-results>
