<?xml version="1.0" encoding="UTF-8"?>
<testng-results skipped="0" failed="0" ignored="0" total="1" passed="1">
  <reporter-output>
  </reporter-output>
  <suite name="Default suite" duration-ms="28862" started-at="2020-05-26T22:21:22 EDT" finished-at="2020-05-26T22:21:51 EDT">
    <groups>
    </groups>
    <test name="Default test" duration-ms="28862" started-at="2020-05-26T22:21:22 EDT" finished-at="2020-05-26T22:21:51 EDT">
      <class name="test.testsuite1">
        <test-method status="PASS" signature="negativelogin()[pri:0, instance:test.testsuite1@7b49cea0]" name="negativelogin" duration-ms="28725" started-at="2020-05-26T22:21:22 EDT" finished-at="2020-05-26T22:21:51 EDT">
          <reporter-output>
          </reporter-output>
        </test-method> <!-- negativelogin -->
      </class> <!-- test.testsuite1 -->
    </test> <!-- Default test -->
  </suite> <!-- Default suite -->
</testng-results>
